{"type":"server-started","port":49753,"host":"127.0.0.1","url_host":"localhost","url":"http://localhost:49753","screen_dir":"/Users/a123456/Desktop/piedras/.superpowers/brainstorm/71094-1774407860"}
{"type":"screen-added","file":"/Users/a123456/Desktop/piedras/.superpowers/brainstorm/71094-1774407860/priority-question.html"}
{"source":"user-event","type":"click","text":"C\n    \n      两个都重要，一起解决\n      录音条的形态和录音中的整体版面是一体的，应该作为一个统一的设计来考虑。","choice":"c","id":null,"timestamp":1774407897012}
{"type":"screen-added","file":"/Users/a123456/Desktop/piedras/.superpowers/brainstorm/71094-1774407860/bar-position.html"}
{"source":"user-event","type":"click","text":"方案 B：底部浮动栏（类 Granola）\n    \n      \n      \n        ← 返回\n        ⬆ ⋯\n      \n      \n      \n        ● REC 04:20\n        会议标题\n        \n          在此书写笔记...\n          ────────────────────────\n        \n      \n      \n      \n        ⏸ 暂停\n        \n          04:20\n          •••••\n        \n        ■ 结束","choice":"bottom","id":null,"timestamp":1774407958853}
{"source":"user-event","type":"click","text":"方案 B：底部浮动栏（类 Granola）\n    \n      \n      \n        ← 返回\n        ⬆ ⋯\n      \n      \n      \n        ● REC 04:20\n        会议标题\n        \n          在此书写笔记...\n          ────────────────────────\n        \n      \n      \n      \n        ⏸ 暂停\n        \n          04:20\n          •••••\n        \n        ■ 结束","choice":"bottom","id":null,"timestamp":1774407960068}
{"source":"user-event","type":"click","text":"方案 B：底部浮动栏（类 Granola）\n    \n      \n      \n        ← 返回\n        ⬆ ⋯\n      \n      \n      \n        ● REC 04:20\n        会议标题\n        \n          在此书写笔记...\n          ────────────────────────\n        \n      \n      \n      \n        ⏸ 暂停\n        \n          04:20\n          •••••\n        \n        ■ 结束","choice":"bottom","id":null,"timestamp":1774407960318}
{"source":"user-event","type":"click","text":"方案 B：底部浮动栏（类 Granola）\n    \n      \n      \n        ← 返回\n        ⬆ ⋯\n      \n      \n      \n        ● REC 04:20\n        会议标题\n        \n          在此书写笔记...\n          ────────────────────────\n        \n      \n      \n      \n        ⏸ 暂停\n        \n          04:20\n          •••••\n        \n        ■ 结束","choice":"bottom","id":null,"timestamp":1774407963898}
{"source":"user-event","type":"click","text":"方案 B：底部浮动栏（类 Granola）\n    \n      \n      \n        ← 返回\n        ⬆ ⋯\n      \n      \n      \n        ● REC 04:20\n        会议标题\n        \n          在此书写笔记...\n          ────────────────────────\n        \n      \n      \n      \n        ⏸ 暂停\n        \n          04:20\n          •••••\n        \n        ■ 结束","choice":"bottom","id":null,"timestamp":1774407964957}
{"source":"user-event","type":"click","text":"方案 B：底部浮动栏（类 Granola）\n    \n      \n      \n        ← 返回\n        ⬆ ⋯\n      \n      \n      \n        ● REC 04:20\n        会议标题\n        \n          在此书写笔记...\n          ────────────────────────\n        \n      \n      \n      \n        ⏸ 暂停\n        \n          04:20\n          •••••\n        \n        ■ 结束","choice":"bottom","id":null,"timestamp":1774407965395}
{"source":"user-event","type":"click","text":"方案 B：底部浮动栏（类 Granola）\n    \n      \n      \n        ← 返回\n        ⬆ ⋯\n      \n      \n      \n        ● REC 04:20\n        会议标题\n        \n          在此书写笔记...\n          ────────────────────────\n        \n      \n      \n      \n        ⏸ 暂停\n        \n          04:20\n          •••••\n        \n        ■ 结束","choice":"bottom","id":null,"timestamp":1774407965580}
{"source":"user-event","type":"click","text":"方案 B：底部浮动栏（类 Granola）\n    \n      \n      \n        ← 返回\n        ⬆ ⋯\n      \n      \n      \n        ● REC 04:20\n        会议标题\n        \n          在此书写笔记...\n          ────────────────────────\n        \n      \n      \n      \n        ⏸ 暂停\n        \n          04:20\n          •••••\n        \n        ■ 结束","choice":"bottom","id":null,"timestamp":1774407966011}
{"source":"user-event","type":"click","text":"方案 B：底部浮动栏（类 Granola）\n    \n      \n      \n        ← 返回\n        ⬆ ⋯\n      \n      \n      \n        ● REC 04:20\n        会议标题\n        \n          在此书写笔记...\n          ────────────────────────\n        \n      \n      \n      \n        ⏸ 暂停\n        \n          04:20\n          •••••\n        \n        ■ 结束","choice":"bottom","id":null,"timestamp":1774407966210}
{"source":"user-event","type":"click","text":"方案 B：底部浮动栏（类 Granola）\n    \n      \n      \n        ← 返回\n        ⬆ ⋯\n      \n      \n      \n        ● REC 04:20\n        会议标题\n        \n          在此书写笔记...\n          ────────────────────────\n        \n      \n      \n      \n        ⏸ 暂停\n        \n          04:20\n          •••••\n        \n        ■ 结束","choice":"bottom","id":null,"timestamp":1774407966419}
{"source":"user-event","type":"click","text":"方案 B：底部浮动栏（类 Granola）\n    \n      \n      \n        ← 返回\n        ⬆ ⋯\n      \n      \n      \n        ● REC 04:20\n        会议标题\n        \n          在此书写笔记...\n          ────────────────────────\n        \n      \n      \n      \n        ⏸ 暂停\n        \n          04:20\n          •••••\n        \n        ■ 结束","choice":"bottom","id":null,"timestamp":1774407966653}
{"source":"user-event","type":"click","text":"方案 B：底部浮动栏（类 Granola）\n    \n      \n      \n        ← 返回\n        ⬆ ⋯\n      \n      \n      \n        ● REC 04:20\n        会议标题\n        \n          在此书写笔记...\n          ────────────────────────\n        \n      \n      \n      \n        ⏸ 暂停\n        \n          04:20\n          •••••\n        \n        ■ 结束","choice":"bottom","id":null,"timestamp":1774407967141}
{"source":"user-event","type":"click","text":"方案 B：底部浮动栏（类 Granola）\n    \n      \n      \n        ← 返回\n        ⬆ ⋯\n      \n      \n      \n        ● REC 04:20\n        会议标题\n        \n          在此书写笔记...\n          ────────────────────────\n        \n      \n      \n      \n        ⏸ 暂停\n        \n          04:20\n          •••••\n        \n        ■ 结束","choice":"bottom","id":null,"timestamp":1774407967591}
{"source":"user-event","type":"click","text":"方案 A：顶部录音条（当前）\n    \n      \n      \n        ← 返回\n        ⬆ ⋯\n      \n      \n      \n        \n          \n          04:20\n          \n          录音中\n        \n        \n          ⏸\n          ■ 停止\n        \n      \n      \n      \n        在此书写。","choice":"top","id":null,"timestamp":1774407968119}
{"source":"user-event","type":"click","text":"方案 A：顶部录音条（当前）\n    \n      \n      \n        ← 返回\n        ⬆ ⋯\n      \n      \n      \n        \n          \n          04:20\n          \n          录音中\n        \n        \n          ⏸\n          ■ 停止\n        \n      \n      \n      \n        在此书写。","choice":"top","id":null,"timestamp":1774407970794}
{"source":"user-event","type":"click","text":"方案 A：顶部录音条（当前）\n    \n      \n      \n        ← 返回\n        ⬆ ⋯\n      \n      \n      \n        \n          \n          04:20\n          \n          录音中\n        \n        \n          ⏸\n          ■ 停止\n        \n      \n      \n      \n        在此书写。","choice":"top","id":null,"timestamp":1774407971465}
{"source":"user-event","type":"click","text":"方案 A：顶部录音条（当前）\n    \n      \n      \n        ← 返回\n        ⬆ ⋯\n      \n      \n      \n        \n          \n          04:20\n          \n          录音中\n        \n        \n          ⏸\n          ■ 停止\n        \n      \n      \n      \n        在此书写。","choice":"top","id":null,"timestamp":1774407971890}
{"source":"user-event","type":"click","text":"方案 B：底部浮动栏（类 Granola）\n    \n      \n      \n        ← 返回\n        ⬆ ⋯\n      \n      \n      \n        ● REC 04:20\n        会议标题\n        \n          在此书写笔记...\n          ────────────────────────\n        \n      \n      \n      \n        ⏸ 暂停\n        \n          04:20\n          •••••\n        \n        ■ 结束","choice":"bottom","id":null,"timestamp":1774407972427}
{"source":"user-event","type":"click","text":"方案 B：底部浮动栏（类 Granola）\n    \n      \n      \n        ← 返回\n        ⬆ ⋯\n      \n      \n      \n        ● REC 04:20\n        会议标题\n        \n          在此书写笔记...\n          ────────────────────────\n        \n      \n      \n      \n        ⏸ 暂停\n        \n          04:20\n          •••••\n        \n        ■ 结束","choice":"bottom","id":null,"timestamp":1774407973290}
{"source":"user-event","type":"click","text":"方案 B：底部浮动栏（类 Granola）\n    \n      \n      \n        ← 返回\n        ⬆ ⋯\n      \n      \n      \n        ● REC 04:20\n        会议标题\n        \n          在此书写笔记...\n          ────────────────────────\n        \n      \n      \n      \n        ⏸ 暂停\n        \n          04:20\n          •••••\n        \n        ■ 结束","choice":"bottom","id":null,"timestamp":1774407976835}
{"type":"screen-added","file":"/Users/a123456/Desktop/piedras/.superpowers/brainstorm/71094-1774407860/recording-feedback.html"}
{"source":"user-event","type":"click","text":"B\n    \n      实时转写流\n      在笔记区上方或侧边，显示实时语音转写文字，像字幕一样流过。既是状态反馈，也是功能展示。\n      \n        \n          \n            ● LIVE\n            \"...所以我觉得这个方案可以考虑，但是需要...\"\n          \n          在此书写笔记...","choice":"b","id":null,"timestamp":1774408089592}
{"type":"screen-added","file":"/Users/a123456/Desktop/piedras/.superpowers/brainstorm/71094-1774407860/fullscreen-meaning.html"}
{"source":"user-event","type":"click","text":"A\n    \n      留在 MeetingDetail，但沉浸化\n      不跳转页面。隐藏导航栏和多余 chrome，让笔记区 + 底部录音栏占据全部视野。用户始终在同一个界面，只是进入了\"录音模式\"。","choice":"a","id":null,"timestamp":1774408223903}
{"source":"user-event","type":"click","text":"B\n    \n      跳转到独立的全屏录音页\n      点击录音后 push 一个全新的全屏页面，专门为录音体验设计。结束后自动返回 MeetingDetail。类似相机 app 的体验。","choice":"b","id":null,"timestamp":1774408224904}
{"source":"user-event","type":"click","text":"C\n    \n      Sheet/半屏覆盖（类 Granola）\n      从底部弹出一个 sheet，覆盖大部分屏幕，但保留顶部一点点父页面的感知。可以下拉关闭或最小化。","choice":"c","id":null,"timestamp":1774408226092}
{"source":"user-event","type":"click","text":"A\n    \n      留在 MeetingDetail，但沉浸化\n      不跳转页面。隐藏导航栏和多余 chrome，让笔记区 + 底部录音栏占据全部视野。用户始终在同一个界面，只是进入了\"录音模式\"。","choice":"a","id":null,"timestamp":1774408226831}
{"source":"user-event","type":"click","text":"B\n    \n      跳转到独立的全屏录音页\n      点击录音后 push 一个全新的全屏页面，专门为录音体验设计。结束后自动返回 MeetingDetail。类似相机 app 的体验。","choice":"b","id":null,"timestamp":1774408227457}
{"source":"user-event","type":"click","text":"C\n    \n      Sheet/半屏覆盖（类 Granola）\n      从底部弹出一个 sheet，覆盖大部分屏幕，但保留顶部一点点父页面的感知。可以下拉关闭或最小化。","choice":"c","id":null,"timestamp":1774408227995}
{"source":"user-event","type":"click","text":"A\n    \n      留在 MeetingDetail，但沉浸化\n      不跳转页面。隐藏导航栏和多余 chrome，让笔记区 + 底部录音栏占据全部视野。用户始终在同一个界面，只是进入了\"录音模式\"。","choice":"a","id":null,"timestamp":1774408229107}
{"type":"screen-added","file":"/Users/a123456/Desktop/piedras/.superpowers/brainstorm/71094-1774407860/note-area-content.html"}
{"source":"user-event","type":"click","text":"D\n    \n      保持简洁，空旷即美\n      录音时用户应该专注听，笔记区就是一张白纸。空旷不是问题，而是设计选择——通过底栏和微型指示器传递录音感知即可。","choice":"d","id":null,"timestamp":1774408357706}
{"type":"screen-added","file":"/Users/a123456/Desktop/piedras/.superpowers/brainstorm/71094-1774407860/bottom-bar-style.html"}
{"source":"user-event","type":"click","text":"丰富型：按钮 + 时间 + 波形 + 转写入口\n    \n      \n        \n        \n          ≡  实时转写\n          \n          ▸\n        \n        \n        \n          ⏸\n          \n            04:20\n            \n              \n              \n              \n              \n              \n            \n          \n          ■ 结束\n        \n      \n      信息更丰富，转写入口集成在底栏","choice":"rich","id":null,"timestamp":1774408606925}
{"source":"user-event","type":"click","text":"丰富型：按钮 + 时间 + 波形 + 转写入口\n    \n      \n        \n        \n          ≡  实时转写\n          \n          ▸\n        \n        \n        \n          ⏸\n          \n            04:20\n            \n              \n              \n              \n              \n              \n            \n          \n          ■ 结束\n        \n      \n      信息更丰富，转写入口集成在底栏","choice":"rich","id":null,"timestamp":1774408607773}
{"type":"screen-added","file":"/Users/a123456/Desktop/piedras/.superpowers/brainstorm/71094-1774407860/full-proposals.html"}
{"type":"screen-added","file":"/Users/a123456/Desktop/piedras/.superpowers/brainstorm/71094-1774407860/detail-1-navbar.html"}
{"type":"screen-added","file":"/Users/a123456/Desktop/piedras/.superpowers/brainstorm/71094-1774407860/detail-2-notearea.html"}
{"type":"screen-added","file":"/Users/a123456/Desktop/piedras/.superpowers/brainstorm/71094-1774407860/note-styles.html"}
{"source":"user-event","type":"click","text":"产品周会\n      2026.03.25 · ● REC\n      \n\n      \n      \n        \n        \n          随手记下关键词或想法 ——\n          会后 AI 将结合录音，\n          为你整理完整笔记。\n        \n      \n\n      \n        在此书写...\n      \n\n      \n        · · ·\n      \n    \n    \n      B「编辑手记」\n      红色边注线 + 斜体排版，像编辑在页边留的批注。文艺但不做作。","choice":"editorial","id":null,"timestamp":1774409848485}
{"type":"screen-added","file":"/Users/a123456/Desktop/piedras/.superpowers/brainstorm/71094-1774407860/detail-3-bottombar.html"}
{"type":"screen-added","file":"/Users/a123456/Desktop/piedras/.superpowers/brainstorm/71094-1774407860/detail-4-transitions.html"}
{"type":"screen-added","file":"/Users/a123456/Desktop/piedras/.superpowers/brainstorm/71094-1774407860/waiting.html"}
{"type":"screen-added","file":"/Users/a123456/Desktop/piedras/.superpowers/brainstorm/71094-1774407860/revision-navbar.html"}
{"type":"screen-added","file":"/Users/a123456/Desktop/piedras/.superpowers/brainstorm/71094-1774407860/rec-indicator-styles.html"}
{"source":"user-event","type":"click","text":"←\n      \n        ● REC\n      \n      ⋯\n    \n    \n      B: [● REC] 徽章\n      红色边框包裹，小徽章/印章风格，与 retro 美学一致","choice":"rec-badge","id":null,"timestamp":1774410264815}
{"source":"user-event","type":"click","text":"←\n      \n        ● REC\n      \n      ⋯\n    \n    \n      C: 实底 ● REC\n      红底白字填充，视觉权重更高，一眼看到录音状态","choice":"rec-pill","id":null,"timestamp":1774410271709}
