[     657ms] [WARNING] document.domain mutation is ignored because the surrounding agent cluster is origin-keyed. @ https://appstoreconnect.apple.com/access/static/js/container.e2c689be59a4f957.js:1
[     658ms] [WARNING] [maison] No route found https://appstoreconnect.apple.com/teams/7452419a-acd1-4d98-ad15-a7a4722f4784/apps/6761040163/ci/groups @ https://appstoreconnect.apple.com/access/static/js/container.e2c689be59a4f957.js:1
[     729ms] [WARNING] Metrics config: No config provided via delegate or fetched via init(), using default/cached config values. @ https://appstoreconnect.apple.com/access/static/js/694.81535de161180022.js:0
[    2973ms] [WARNING] An array is needed to render meta tags @ https://appstoreconnect.apple.com/access/static/js/container.e2c689be59a4f957.js:1
[    4597ms] [ERROR] Failed to load resource: the server responded with a status of 404 () @ https://appstoreconnect.apple.com/ci/api/teams/7452419a-acd1-4d98-ad15-a7a4722f4784/asc-extension-products/6761040163:0
[    4889ms] [ERROR] Failed to load resource: the server responded with a status of 429 () @ https://appstoreconnect.apple.com/ci/status/system-status:0
[   65153ms] [ERROR] Failed to load resource: the server responded with a status of 429 () @ https://appstoreconnect.apple.com/ci/status/system-status:0
[   93550ms] [ERROR] EventsClient connection error: Cancel subscription @ https://appstoreconnect.apple.com/access/dbb9c1de20e242c19d985c8b184aa637/main.301a63f0e308e63e1db7.js:242
[  215707ms] [ERROR] Failed to load resource: the server responded with a status of 429 () @ https://appstoreconnect.apple.com/ci/status/system-status:0
[  336318ms] [ERROR] Failed to load resource: the server responded with a status of 429 () @ https://appstoreconnect.apple.com/ci/status/system-status:0
[  389526ms] [ERROR] EventsClient connection error: Cancel subscription @ https://appstoreconnect.apple.com/access/dbb9c1de20e242c19d985c8b184aa637/main.301a63f0e308e63e1db7.js:242
[  396581ms] [ERROR] Failed to load resource: the server responded with a status of 429 () @ https://appstoreconnect.apple.com/ci/status/system-status:0
[  456875ms] [ERROR] Failed to load resource: the server responded with a status of 429 () @ https://appstoreconnect.apple.com/ci/status/system-status:0
[  517143ms] [ERROR] Failed to load resource: the server responded with a status of 429 () @ https://appstoreconnect.apple.com/ci/status/system-status:0
[  577420ms] [ERROR] Failed to load resource: the server responded with a status of 429 () @ https://appstoreconnect.apple.com/ci/status/system-status:0
[  637721ms] [ERROR] Failed to load resource: the server responded with a status of 429 () @ https://appstoreconnect.apple.com/ci/status/system-status:0
[  697993ms] [ERROR] Failed to load resource: the server responded with a status of 429 () @ https://appstoreconnect.apple.com/ci/status/system-status:0
[  758522ms] [ERROR] Failed to load resource: the server responded with a status of 429 () @ https://appstoreconnect.apple.com/ci/status/system-status:0
[  879759ms] [ERROR] Failed to load resource: the server responded with a status of 429 () @ https://appstoreconnect.apple.com/ci/status/system-status:0
[ 1000580ms] [ERROR] Failed to load resource: the server responded with a status of 429 () @ https://appstoreconnect.apple.com/ci/status/system-status:0
[ 1061048ms] [ERROR] Failed to load resource: the server responded with a status of 429 () @ https://appstoreconnect.apple.com/ci/status/system-status:0
[ 1121417ms] [ERROR] Failed to load resource: the server responded with a status of 429 () @ https://appstoreconnect.apple.com/ci/status/system-status:0
[ 1181786ms] [ERROR] Failed to load resource: the server responded with a status of 429 () @ https://appstoreconnect.apple.com/ci/status/system-status:0
[ 1483800ms] [ERROR] Failed to load resource: the server responded with a status of 429 () @ https://appstoreconnect.apple.com/ci/status/system-status:0
[ 1544151ms] [ERROR] Failed to load resource: the server responded with a status of 429 () @ https://appstoreconnect.apple.com/ci/status/system-status:0
[ 1664924ms] [ERROR] Failed to load resource: the server responded with a status of 429 () @ https://appstoreconnect.apple.com/ci/status/system-status:0
[ 1785690ms] [ERROR] Failed to load resource: the server responded with a status of 429 () @ https://appstoreconnect.apple.com/ci/status/system-status:0
[ 1846059ms] [ERROR] Failed to load resource: the server responded with a status of 429 () @ https://appstoreconnect.apple.com/ci/status/system-status:0
[ 1906433ms] [ERROR] Failed to load resource: the server responded with a status of 429 () @ https://appstoreconnect.apple.com/ci/status/system-status:0
[ 1966820ms] [ERROR] Failed to load resource: the server responded with a status of 429 () @ https://appstoreconnect.apple.com/ci/status/system-status:0
[ 2027195ms] [ERROR] Failed to load resource: the server responded with a status of 429 () @ https://appstoreconnect.apple.com/ci/status/system-status:0
[ 2329310ms] [ERROR] Failed to load resource: the server responded with a status of 429 () @ https://appstoreconnect.apple.com/ci/status/system-status:0
[ 2389756ms] [ERROR] Failed to load resource: the server responded with a status of 429 () @ https://appstoreconnect.apple.com/ci/status/system-status:0
[ 2510692ms] [ERROR] Failed to load resource: the server responded with a status of 429 () @ https://appstoreconnect.apple.com/ci/status/system-status:0
[ 2692109ms] [ERROR] Failed to load resource: the server responded with a status of 429 () @ https://appstoreconnect.apple.com/ci/status/system-status:0
[ 2873495ms] [ERROR] Failed to load resource: the server responded with a status of 429 () @ https://appstoreconnect.apple.com/ci/status/system-status:0
[ 2933882ms] [ERROR] Failed to load resource: the server responded with a status of 429 () @ https://appstoreconnect.apple.com/ci/status/system-status:0
[ 3054719ms] [ERROR] Failed to load resource: the server responded with a status of 429 () @ https://appstoreconnect.apple.com/ci/status/system-status:0
[ 3115187ms] [ERROR] Failed to load resource: the server responded with a status of 429 () @ https://appstoreconnect.apple.com/ci/status/system-status:0
[ 3235943ms] [ERROR] Failed to load resource: the server responded with a status of 429 () @ https://appstoreconnect.apple.com/ci/status/system-status:0
[ 3598581ms] [ERROR] Failed to load resource: the server responded with a status of 429 () @ https://appstoreconnect.apple.com/ci/status/system-status:0
[ 3719809ms] [ERROR] Failed to load resource: the server responded with a status of 429 () @ https://appstoreconnect.apple.com/ci/status/system-status:0
[ 3780187ms] [ERROR] Failed to load resource: the server responded with a status of 429 () @ https://appstoreconnect.apple.com/ci/status/system-status:0
[ 3840681ms] [ERROR] Failed to load resource: the server responded with a status of 429 () @ https://appstoreconnect.apple.com/ci/status/system-status:0
[ 3901029ms] [ERROR] Failed to load resource: the server responded with a status of 429 () @ https://appstoreconnect.apple.com/ci/status/system-status:0
[ 3961396ms] [ERROR] Failed to load resource: the server responded with a status of 429 () @ https://appstoreconnect.apple.com/ci/status/system-status:0
[ 4142796ms] [ERROR] Failed to load resource: the server responded with a status of 429 () @ https://appstoreconnect.apple.com/ci/status/system-status:0
[ 4203161ms] [ERROR] Failed to load resource: the server responded with a status of 429 () @ https://appstoreconnect.apple.com/ci/status/system-status:0
[ 4324463ms] [ERROR] Failed to load resource: the server responded with a status of 429 () @ https://appstoreconnect.apple.com/ci/status/system-status:0
[ 4384835ms] [ERROR] Failed to load resource: the server responded with a status of 429 () @ https://appstoreconnect.apple.com/ci/status/system-status:0
[ 4445209ms] [ERROR] Failed to load resource: the server responded with a status of 429 () @ https://appstoreconnect.apple.com/ci/status/system-status:0
[ 4505603ms] [ERROR] Failed to load resource: the server responded with a status of 429 () @ https://appstoreconnect.apple.com/ci/status/system-status:0
[ 4626215ms] [ERROR] Failed to load resource: the server responded with a status of 429 () @ https://appstoreconnect.apple.com/ci/status/system-status:0
[ 4807443ms] [ERROR] Failed to load resource: the server responded with a status of 429 () @ https://appstoreconnect.apple.com/ci/status/system-status:0
[ 4928178ms] [ERROR] Failed to load resource: the server responded with a status of 429 () @ https://appstoreconnect.apple.com/ci/status/system-status:0
[ 5229714ms] [ERROR] Failed to load resource: the server responded with a status of 429 () @ https://appstoreconnect.apple.com/ci/status/system-status:0
[ 5350360ms] [ERROR] Failed to load resource: the server responded with a status of 429 () @ https://appstoreconnect.apple.com/ci/status/system-status:0
[ 5410639ms] [ERROR] Failed to load resource: the server responded with a status of 429 () @ https://appstoreconnect.apple.com/ci/status/system-status:0
[ 5470921ms] [ERROR] Failed to load resource: the server responded with a status of 429 () @ https://appstoreconnect.apple.com/ci/status/system-status:0
[ 5832953ms] [ERROR] Failed to load resource: the server responded with a status of 429 () @ https://appstoreconnect.apple.com/ci/status/system-status:0
[ 5893453ms] [ERROR] Failed to load resource: the server responded with a status of 429 () @ https://appstoreconnect.apple.com/ci/status/system-status:0
[ 6074654ms] [ERROR] Failed to load resource: the server responded with a status of 429 () @ https://appstoreconnect.apple.com/ci/status/system-status:0
[ 6135084ms] [ERROR] Failed to load resource: the server responded with a status of 429 () @ https://appstoreconnect.apple.com/ci/status/system-status:0
[ 6255896ms] [ERROR] Failed to load resource: the server responded with a status of 429 () @ https://appstoreconnect.apple.com/ci/status/system-status:0
[ 6316325ms] [ERROR] Failed to load resource: the server responded with a status of 429 () @ https://appstoreconnect.apple.com/ci/status/system-status:0
[ 6437196ms] [ERROR] Failed to load resource: the server responded with a status of 429 () @ https://appstoreconnect.apple.com/ci/status/system-status:0
[ 6618474ms] [ERROR] Failed to load resource: the server responded with a status of 429 () @ https://appstoreconnect.apple.com/ci/status/system-status:0
[ 6739431ms] [ERROR] Failed to load resource: the server responded with a status of 429 () @ https://appstoreconnect.apple.com/ci/status/system-status:0
[ 6921100ms] [ERROR] Failed to load resource: the server responded with a status of 429 () @ https://appstoreconnect.apple.com/ci/status/system-status:0
[ 7162580ms] [ERROR] Failed to load resource: the server responded with a status of 429 () @ https://appstoreconnect.apple.com/ci/status/system-status:0
[ 7283271ms] [ERROR] Failed to load resource: the server responded with a status of 429 () @ https://appstoreconnect.apple.com/ci/status/system-status:0
[ 7464316ms] [ERROR] Failed to load resource: the server responded with a status of 429 () @ https://appstoreconnect.apple.com/ci/status/system-status:0
[ 7585030ms] [ERROR] Failed to load resource: the server responded with a status of 429 () @ https://appstoreconnect.apple.com/ci/status/system-status:0
[ 7645439ms] [ERROR] Failed to load resource: the server responded with a status of 429 () @ https://appstoreconnect.apple.com/ci/status/system-status:0
[ 7826435ms] [ERROR] Failed to load resource: the server responded with a status of 429 () @ https://appstoreconnect.apple.com/ci/status/system-status:0
[ 7886729ms] [ERROR] Failed to load resource: the server responded with a status of 429 () @ https://appstoreconnect.apple.com/ci/status/system-status:0
[ 7947068ms] [ERROR] Failed to load resource: the server responded with a status of 429 () @ https://appstoreconnect.apple.com/ci/status/system-status:0
[ 8007388ms] [ERROR] Failed to load resource: the server responded with a status of 429 () @ https://appstoreconnect.apple.com/ci/status/system-status:0
[ 8268419ms] [ERROR] Failed to load resource: net::ERR_CONNECTION_CLOSED @ https://appstoreconnect.apple.com/ci/status/system-status:0
[ 8290940ms] [ERROR] Failed to load resource: net::ERR_NETWORK_CHANGED @ https://appstoreconnect.apple.com/ci/api/teams/7452419a-acd1-4d98-ad15-a7a4722f4784/notices-v2?build_id=8aa02a3b-e415-4dc1-9b94-c08105f19cd4:0
[ 8290949ms] [ERROR] Failed to load resource: net::ERR_NETWORK_CHANGED @ https://xp.apple.com/report/2/xp_amp_itc_perf:0
[ 8328923ms] [ERROR] Failed to load resource: the server responded with a status of 429 () @ https://appstoreconnect.apple.com/ci/status/system-status:0
[ 8389248ms] [ERROR] Failed to load resource: the server responded with a status of 429 () @ https://appstoreconnect.apple.com/ci/status/system-status:0
[ 8449534ms] [ERROR] Failed to load resource: the server responded with a status of 429 () @ https://appstoreconnect.apple.com/ci/status/system-status:0
[ 8630515ms] [ERROR] Failed to load resource: the server responded with a status of 429 () @ https://appstoreconnect.apple.com/ci/status/system-status:0
[ 8811449ms] [ERROR] Failed to load resource: the server responded with a status of 429 () @ https://appstoreconnect.apple.com/ci/status/system-status:0
[ 8932161ms] [ERROR] Failed to load resource: the server responded with a status of 429 () @ https://appstoreconnect.apple.com/ci/status/system-status:0
[ 9113095ms] [ERROR] Failed to load resource: the server responded with a status of 429 () @ https://appstoreconnect.apple.com/ci/status/system-status:0
[ 9296022ms] [ERROR] Failed to load resource: the server responded with a status of 429 () @ https://appstoreconnect.apple.com/ci/status/system-status:0
[ 9476990ms] [ERROR] Failed to load resource: the server responded with a status of 429 () @ https://appstoreconnect.apple.com/ci/status/system-status:0
[ 9537295ms] [ERROR] Failed to load resource: the server responded with a status of 429 () @ https://appstoreconnect.apple.com/ci/status/system-status:0
[ 9597556ms] [ERROR] Failed to load resource: the server responded with a status of 429 () @ https://appstoreconnect.apple.com/ci/status/system-status:0
[ 9838828ms] [ERROR] Failed to load resource: the server responded with a status of 429 () @ https://appstoreconnect.apple.com/ci/status/system-status:0
[ 9899099ms] [ERROR] Failed to load resource: the server responded with a status of 429 () @ https://appstoreconnect.apple.com/ci/status/system-status:0
[10019649ms] [ERROR] Failed to load resource: the server responded with a status of 429 () @ https://appstoreconnect.apple.com/ci/status/system-status:0
[10079922ms] [ERROR] Failed to load resource: the server responded with a status of 429 () @ https://appstoreconnect.apple.com/ci/status/system-status:0
[10140209ms] [ERROR] Failed to load resource: the server responded with a status of 429 () @ https://appstoreconnect.apple.com/ci/status/system-status:0
[10200487ms] [ERROR] Failed to load resource: the server responded with a status of 429 () @ https://appstoreconnect.apple.com/ci/status/system-status:0
[10321019ms] [ERROR] Failed to load resource: the server responded with a status of 429 () @ https://appstoreconnect.apple.com/ci/status/system-status:0
[10501858ms] [ERROR] Failed to load resource: net::ERR_NETWORK_CHANGED @ https://appstoreconnect.apple.com/ci/status/system-status:0
[10562215ms] [ERROR] Failed to load resource: the server responded with a status of 429 () @ https://appstoreconnect.apple.com/ci/status/system-status:0
[10984835ms] [ERROR] Failed to load resource: the server responded with a status of 429 () @ https://appstoreconnect.apple.com/ci/status/system-status:0
[11045137ms] [ERROR] Failed to load resource: the server responded with a status of 429 () @ https://appstoreconnect.apple.com/ci/status/system-status:0
[11105389ms] [ERROR] Failed to load resource: the server responded with a status of 429 () @ https://appstoreconnect.apple.com/ci/status/system-status:0
[11286332ms] [ERROR] Failed to load resource: the server responded with a status of 429 () @ https://appstoreconnect.apple.com/ci/status/system-status:0
[11346606ms] [ERROR] Failed to load resource: the server responded with a status of 429 () @ https://appstoreconnect.apple.com/ci/status/system-status:0
[11406862ms] [ERROR] Failed to load resource: the server responded with a status of 429 () @ https://appstoreconnect.apple.com/ci/status/system-status:0
[11467127ms] [ERROR] Failed to load resource: the server responded with a status of 429 () @ https://appstoreconnect.apple.com/ci/status/system-status:0
[11950055ms] [ERROR] Failed to load resource: the server responded with a status of 429 () @ https://appstoreconnect.apple.com/ci/status/system-status:0
[12010778ms] [ERROR] Failed to load resource: the server responded with a status of 429 () @ https://appstoreconnect.apple.com/ci/status/system-status:0
[12071235ms] [ERROR] Failed to load resource: the server responded with a status of 429 () @ https://appstoreconnect.apple.com/ci/status/system-status:0
[12736226ms] [ERROR] Failed to load resource: the server responded with a status of 429 () @ https://appstoreconnect.apple.com/ci/status/system-status:0
[12796665ms] [ERROR] Failed to load resource: the server responded with a status of 429 () @ https://appstoreconnect.apple.com/ci/status/system-status:0
[13340238ms] [ERROR] Failed to load resource: the server responded with a status of 429 () @ https://appstoreconnect.apple.com/ci/status/system-status:0
[13400513ms] [ERROR] Failed to load resource: the server responded with a status of 429 () @ https://appstoreconnect.apple.com/ci/status/system-status:0
[13460845ms] [ERROR] Failed to load resource: the server responded with a status of 429 () @ https://appstoreconnect.apple.com/ci/status/system-status:0
[13581419ms] [ERROR] Failed to load resource: the server responded with a status of 429 () @ https://appstoreconnect.apple.com/ci/status/system-status:0
[13822687ms] [ERROR] Failed to load resource: the server responded with a status of 429 () @ https://appstoreconnect.apple.com/ci/status/system-status:0
[14003832ms] [ERROR] Failed to load resource: the server responded with a status of 429 () @ https://appstoreconnect.apple.com/ci/status/system-status:0
[14064120ms] [ERROR] Failed to load resource: the server responded with a status of 429 () @ https://appstoreconnect.apple.com/ci/status/system-status:0
[14305396ms] [ERROR] Failed to load resource: the server responded with a status of 429 () @ https://appstoreconnect.apple.com/ci/status/system-status:0
[14546761ms] [ERROR] Failed to load resource: the server responded with a status of 429 () @ https://appstoreconnect.apple.com/ci/status/system-status:0
[14667462ms] [ERROR] Failed to load resource: the server responded with a status of 429 () @ https://appstoreconnect.apple.com/ci/status/system-status:0
[14727769ms] [ERROR] Failed to load resource: the server responded with a status of 429 () @ https://appstoreconnect.apple.com/ci/status/system-status:0
[14788079ms] [ERROR] Failed to load resource: the server responded with a status of 429 () @ https://appstoreconnect.apple.com/ci/status/system-status:0
[14848457ms] [ERROR] Failed to load resource: the server responded with a status of 429 () @ https://appstoreconnect.apple.com/ci/status/system-status:0
[15090138ms] [ERROR] Failed to load resource: the server responded with a status of 429 () @ https://appstoreconnect.apple.com/ci/status/system-status:0
[15150427ms] [ERROR] Failed to load resource: the server responded with a status of 429 () @ https://appstoreconnect.apple.com/ci/status/system-status:0
[15331743ms] [ERROR] Failed to load resource: the server responded with a status of 429 () @ https://appstoreconnect.apple.com/ci/status/system-status:0
[15573071ms] [ERROR] Failed to load resource: the server responded with a status of 429 () @ https://appstoreconnect.apple.com/ci/status/system-status:0
[15633369ms] [ERROR] Failed to load resource: the server responded with a status of 429 () @ https://appstoreconnect.apple.com/ci/status/system-status:0
[15754074ms] [ERROR] Failed to load resource: the server responded with a status of 429 () @ https://appstoreconnect.apple.com/ci/status/system-status:0
[15935295ms] [ERROR] Failed to load resource: the server responded with a status of 429 () @ https://appstoreconnect.apple.com/ci/status/system-status:0
[16297231ms] [ERROR] Failed to load resource: the server responded with a status of 429 () @ https://appstoreconnect.apple.com/ci/status/system-status:0
[16417844ms] [ERROR] Failed to load resource: the server responded with a status of 429 () @ https://appstoreconnect.apple.com/ci/status/system-status:0
[16598834ms] [ERROR] Failed to load resource: the server responded with a status of 429 () @ https://appstoreconnect.apple.com/ci/status/system-status:0
[16779832ms] [ERROR] Failed to load resource: the server responded with a status of 429 () @ https://appstoreconnect.apple.com/ci/status/system-status:0
[16840152ms] [ERROR] Failed to load resource: the server responded with a status of 429 () @ https://appstoreconnect.apple.com/ci/status/system-status:0
[17021129ms] [ERROR] Failed to load resource: the server responded with a status of 429 () @ https://appstoreconnect.apple.com/ci/status/system-status:0
[17262658ms] [ERROR] Failed to load resource: the server responded with a status of 429 () @ https://appstoreconnect.apple.com/ci/status/system-status:0
[17322959ms] [ERROR] Failed to load resource: the server responded with a status of 429 () @ https://appstoreconnect.apple.com/ci/status/system-status:0
[17443802ms] [ERROR] Failed to load resource: the server responded with a status of 429 () @ https://appstoreconnect.apple.com/ci/status/system-status:0
[17632901ms] [ERROR] Failed to load resource: net::ERR_CONNECTION_CLOSED @ https://xp.apple.com/report/2/xp_amp_itc_perf:0
[17685203ms] [ERROR] Failed to load resource: the server responded with a status of 429 () @ https://appstoreconnect.apple.com/ci/status/system-status:0
[17866060ms] [ERROR] Failed to load resource: the server responded with a status of 429 () @ https://appstoreconnect.apple.com/ci/status/system-status:0
[17926312ms] [ERROR] Failed to load resource: the server responded with a status of 429 () @ https://appstoreconnect.apple.com/ci/status/system-status:0
[17986622ms] [ERROR] Failed to load resource: the server responded with a status of 429 () @ https://appstoreconnect.apple.com/ci/status/system-status:0
[18107175ms] [ERROR] Failed to load resource: the server responded with a status of 429 () @ https://appstoreconnect.apple.com/ci/status/system-status:0
[18288408ms] [ERROR] Failed to load resource: the server responded with a status of 429 () @ https://appstoreconnect.apple.com/ci/status/system-status:0
[18711923ms] [ERROR] Failed to load resource: the server responded with a status of 429 () @ https://appstoreconnect.apple.com/ci/status/system-status:0
[18772386ms] [ERROR] Failed to load resource: the server responded with a status of 429 () @ https://appstoreconnect.apple.com/ci/status/system-status:0
[18832968ms] [ERROR] Failed to load resource: the server responded with a status of 429 () @ https://appstoreconnect.apple.com/ci/status/system-status:0
[18953997ms] [ERROR] Failed to load resource: the server responded with a status of 429 () @ https://appstoreconnect.apple.com/ci/status/system-status:0
[19256185ms] [ERROR] Failed to load resource: the server responded with a status of 429 () @ https://appstoreconnect.apple.com/ci/status/system-status:0
[19316554ms] [ERROR] Failed to load resource: the server responded with a status of 429 () @ https://appstoreconnect.apple.com/ci/status/system-status:0
[19376928ms] [ERROR] Failed to load resource: the server responded with a status of 429 () @ https://appstoreconnect.apple.com/ci/status/system-status:0
[19618368ms] [ERROR] Failed to load resource: the server responded with a status of 429 () @ https://appstoreconnect.apple.com/ci/status/system-status:0
[19738969ms] [ERROR] Failed to load resource: the server responded with a status of 429 () @ https://appstoreconnect.apple.com/ci/status/system-status:0
[20100695ms] [ERROR] Failed to load resource: the server responded with a status of 429 () @ https://appstoreconnect.apple.com/ci/status/system-status:0
[20643432ms] [ERROR] Failed to load resource: the server responded with a status of 429 () @ https://appstoreconnect.apple.com/ci/status/system-status:0
[20703697ms] [ERROR] Failed to load resource: the server responded with a status of 429 () @ https://appstoreconnect.apple.com/ci/status/system-status:0
[20824244ms] [ERROR] Failed to load resource: the server responded with a status of 429 () @ https://appstoreconnect.apple.com/ci/status/system-status:0
[20944789ms] [ERROR] Failed to load resource: the server responded with a status of 429 () @ https://appstoreconnect.apple.com/ci/status/system-status:0
[21065593ms] [ERROR] Failed to load resource: the server responded with a status of 429 () @ https://appstoreconnect.apple.com/ci/status/system-status:0
[21246790ms] [ERROR] Failed to load resource: the server responded with a status of 429 () @ https://appstoreconnect.apple.com/ci/status/system-status:0
[21367579ms] [ERROR] Failed to load resource: the server responded with a status of 429 () @ https://appstoreconnect.apple.com/ci/status/system-status:0
[21427965ms] [ERROR] Failed to load resource: the server responded with a status of 429 () @ https://appstoreconnect.apple.com/ci/status/system-status:0
[21790286ms] [ERROR] Failed to load resource: the server responded with a status of 429 () @ https://appstoreconnect.apple.com/ci/status/system-status:0
[21971424ms] [ERROR] Failed to load resource: the server responded with a status of 429 () @ https://appstoreconnect.apple.com/ci/status/system-status:0
[22333487ms] [ERROR] Failed to load resource: the server responded with a status of 429 () @ https://appstoreconnect.apple.com/ci/status/system-status:0
[22454042ms] [ERROR] Failed to load resource: the server responded with a status of 429 () @ https://appstoreconnect.apple.com/ci/status/system-status:0
[22514328ms] [ERROR] Failed to load resource: the server responded with a status of 429 () @ https://appstoreconnect.apple.com/ci/status/system-status:0
[22634926ms] [ERROR] Failed to load resource: the server responded with a status of 429 () @ https://appstoreconnect.apple.com/ci/status/system-status:0
[22876143ms] [ERROR] Failed to load resource: the server responded with a status of 429 () @ https://appstoreconnect.apple.com/ci/status/system-status:0
[22936403ms] [ERROR] Failed to load resource: the server responded with a status of 429 () @ https://appstoreconnect.apple.com/ci/status/system-status:0
[23056935ms] [ERROR] Failed to load resource: the server responded with a status of 429 () @ https://appstoreconnect.apple.com/ci/status/system-status:0
[23177469ms] [ERROR] Failed to load resource: the server responded with a status of 429 () @ https://appstoreconnect.apple.com/ci/status/system-status:0
[23358471ms] [ERROR] Failed to load resource: the server responded with a status of 429 () @ https://appstoreconnect.apple.com/ci/status/system-status:0
[23418786ms] [ERROR] Failed to load resource: the server responded with a status of 429 () @ https://appstoreconnect.apple.com/ci/status/system-status:0
